  moc Attendance_Qt.h
  Attendance_Qt.cpp
  Database_Controller.cpp
  Date_Controller.cpp
  Student.cpp
  Student_Controller.cpp
  main.cpp
D:\ProgrammingStuff\PersonalProjects\Attendance_Qt\Attendance_Qt\Student_Controller.h(10,2): error C2535: 'Student_Controller::Student_Controller(void)': member function already defined or declared
  (compiling source file 'Student_Controller.cpp')
  D:\ProgrammingStuff\PersonalProjects\Attendance_Qt\Attendance_Qt\Student_Controller.h(9,2):
  see declaration of 'Student_Controller::Student_Controller'
  
D:\ProgrammingStuff\PersonalProjects\Attendance_Qt\Attendance_Qt\Attendance_Qt.h(21,23): error C2143: syntax error: missing ';' before '*'
  (compiling source file 'main.cpp')
  
D:\ProgrammingStuff\PersonalProjects\Attendance_Qt\Attendance_Qt\Attendance_Qt.h(21,23): error C4430: missing type specifier - int assumed. Note: C++ does not support default-int
  (compiling source file 'main.cpp')
  
D:\ProgrammingStuff\PersonalProjects\Attendance_Qt\Attendance_Qt\Attendance_Qt.h(21,43): error C2238: unexpected token(s) preceding ';'
  (compiling source file 'main.cpp')
  
D:\ProgrammingStuff\PersonalProjects\Attendance_Qt\Attendance_Qt\Attendance_Qt.h(21,23): error C2143: syntax error: missing ';' before '*'
  (compiling source file 'Attendance_Qt.cpp')
  
D:\ProgrammingStuff\PersonalProjects\Attendance_Qt\Attendance_Qt\Attendance_Qt.h(21,23): error C4430: missing type specifier - int assumed. Note: C++ does not support default-int
  (compiling source file 'Attendance_Qt.cpp')
  
D:\ProgrammingStuff\PersonalProjects\Attendance_Qt\Attendance_Qt\Attendance_Qt.h(21,43): error C2238: unexpected token(s) preceding ';'
  (compiling source file 'Attendance_Qt.cpp')
  
D:\ProgrammingStuff\PersonalProjects\Attendance_Qt\Attendance_Qt\Attendance_Qt.cpp(2,10): warning C4067: unexpected tokens following preprocessor directive - expected a newline
D:\ProgrammingStuff\PersonalProjects\Attendance_Qt\Attendance_Qt\Student_Controller.h(10,2): error C2535: 'Student_Controller::Student_Controller(void)': member function already defined or declared
  (compiling source file 'Attendance_Qt.cpp')
  D:\ProgrammingStuff\PersonalProjects\Attendance_Qt\Attendance_Qt\Student_Controller.h(9,2):
  see declaration of 'Student_Controller::Student_Controller'
  
D:\ProgrammingStuff\PersonalProjects\Attendance_Qt\Attendance_Qt\Attendance_Qt.cpp(6,5): error C2065: 'student_controller': undeclared identifier
D:\ProgrammingStuff\PersonalProjects\Attendance_Qt\Attendance_Qt\Attendance_Qt.cpp(14,18): error C2039: 'student_controller': is not a member of 'Attendance_Qt'
  D:\ProgrammingStuff\PersonalProjects\Attendance_Qt\Attendance_Qt\Attendance_Qt.h(8,7):
  see declaration of 'Attendance_Qt'
  
D:\ProgrammingStuff\PersonalProjects\Attendance_Qt\Attendance_Qt\Attendance_Qt.cpp(21,19): error C2065: 'student_controller': undeclared identifier
D:\ProgrammingStuff\PersonalProjects\Attendance_Qt\Attendance_Qt\Attendance_Qt.cpp(28,9): error C2065: 'student_controller': undeclared identifier
